0 info it worked if it ends with ok
1 verbose cli [ '/usr/local/bin/node',
1 verbose cli   '/usr/local/bin/npm',
1 verbose cli   'install',
1 verbose cli   'node',
1 verbose cli   'server.js' ]
2 info using npm@2.15.8
3 info using node@v4.4.7
4 verbose install initial load of /Users/nrandec/Development/react-tutorial-master/package.json
5 verbose readDependencies loading dependencies from /Users/nrandec/Development/react-tutorial-master/package.json
6 silly cache add args [ 'node', null ]
7 verbose cache add spec node
8 silly cache add args [ 'server.js', null ]
9 verbose cache add spec server.js
10 silly cache add parsed spec Result {
10 silly cache add   raw: 'node',
10 silly cache add   scope: null,
10 silly cache add   name: 'node',
10 silly cache add   rawSpec: '',
10 silly cache add   spec: 'latest',
10 silly cache add   type: 'tag' }
11 silly addNamed node@latest
12 verbose addNamed "latest" is being treated as a dist-tag for node
13 info addNameTag [ 'node', 'latest' ]
14 silly mapToRegistry name node
15 silly mapToRegistry using default registry
16 silly mapToRegistry registry https://registry.npmjs.org/
17 silly mapToRegistry data Result {
17 silly mapToRegistry   raw: 'node',
17 silly mapToRegistry   scope: null,
17 silly mapToRegistry   name: 'node',
17 silly mapToRegistry   rawSpec: '',
17 silly mapToRegistry   spec: 'latest',
17 silly mapToRegistry   type: 'tag' }
18 silly mapToRegistry uri https://registry.npmjs.org/node
19 verbose addNameTag registry:https://registry.npmjs.org/node not in flight; fetching
20 silly cache add parsed spec Result {
20 silly cache add   raw: 'server.js',
20 silly cache add   scope: null,
20 silly cache add   name: 'server.js',
20 silly cache add   rawSpec: '',
20 silly cache add   spec: 'latest',
20 silly cache add   type: 'tag' }
21 silly addNamed server.js@latest
22 verbose addNamed "latest" is being treated as a dist-tag for server.js
23 info addNameTag [ 'server.js', 'latest' ]
24 silly mapToRegistry name server.js
25 silly mapToRegistry using default registry
26 silly mapToRegistry registry https://registry.npmjs.org/
27 silly mapToRegistry data Result {
27 silly mapToRegistry   raw: 'server.js',
27 silly mapToRegistry   scope: null,
27 silly mapToRegistry   name: 'server.js',
27 silly mapToRegistry   rawSpec: '',
27 silly mapToRegistry   spec: 'latest',
27 silly mapToRegistry   type: 'tag' }
28 silly mapToRegistry uri https://registry.npmjs.org/server.js
29 verbose addNameTag registry:https://registry.npmjs.org/server.js not in flight; fetching
30 verbose request uri https://registry.npmjs.org/node
31 verbose request no auth needed
32 info attempt registry request try #1 at 1:04:37 AM
33 verbose request id 0e2ac5d6d9669496
34 http request GET https://registry.npmjs.org/node
35 verbose request uri https://registry.npmjs.org/server.js
36 verbose request no auth needed
37 info attempt registry request try #1 at 1:04:37 AM
38 http request GET https://registry.npmjs.org/server.js
39 http 200 https://registry.npmjs.org/node
40 verbose headers { server: 'CouchDB/1.5.0 (Erlang OTP/R16B03)',
40 verbose headers   etag: '"4RB0I162TMBFF7IWMPCBRMD3L"',
40 verbose headers   'content-type': 'application/json',
40 verbose headers   'content-encoding': 'gzip',
40 verbose headers   'cache-control': 'max-age=300',
40 verbose headers   'content-length': '569',
40 verbose headers   'accept-ranges': 'bytes',
40 verbose headers   date: 'Wed, 03 Aug 2016 06:04:37 GMT',
40 verbose headers   via: '1.1 varnish',
40 verbose headers   age: '138',
40 verbose headers   connection: 'keep-alive',
40 verbose headers   'x-served-by': 'cache-ord1749-ORD',
40 verbose headers   'x-cache': 'HIT',
40 verbose headers   'x-cache-hits': '1',
40 verbose headers   'x-timer': 'S1470204277.220214,VS0,VE0',
40 verbose headers   vary: 'Accept-Encoding' }
41 silly get cb [ 200,
41 silly get   { server: 'CouchDB/1.5.0 (Erlang OTP/R16B03)',
41 silly get     etag: '"4RB0I162TMBFF7IWMPCBRMD3L"',
41 silly get     'content-type': 'application/json',
41 silly get     'content-encoding': 'gzip',
41 silly get     'cache-control': 'max-age=300',
41 silly get     'content-length': '569',
41 silly get     'accept-ranges': 'bytes',
41 silly get     date: 'Wed, 03 Aug 2016 06:04:37 GMT',
41 silly get     via: '1.1 varnish',
41 silly get     age: '138',
41 silly get     connection: 'keep-alive',
41 silly get     'x-served-by': 'cache-ord1749-ORD',
41 silly get     'x-cache': 'HIT',
41 silly get     'x-cache-hits': '1',
41 silly get     'x-timer': 'S1470204277.220214,VS0,VE0',
41 silly get     vary: 'Accept-Encoding' } ]
42 verbose get saving node to /Users/nrandec/.npm/registry.npmjs.org/node/.cache.json
43 verbose correctMkdir /Users/nrandec/.npm correctMkdir not in flight; initializing
44 silly addNameTag next cb for node with tag latest
45 silly addNamed node@0.0.0
46 verbose addNamed "0.0.0" is a plain semver version for node
47 warn deprecated node@0.0.0: To update or install node, go to http://nodejs.org/
48 silly mapToRegistry name node
49 silly mapToRegistry using default registry
50 silly mapToRegistry registry https://registry.npmjs.org/
51 silly mapToRegistry data Result {
51 silly mapToRegistry   raw: 'node',
51 silly mapToRegistry   scope: null,
51 silly mapToRegistry   name: 'node',
51 silly mapToRegistry   rawSpec: '',
51 silly mapToRegistry   spec: 'latest',
51 silly mapToRegistry   type: 'tag' }
52 silly mapToRegistry uri https://registry.npmjs.org/node
53 verbose addRemoteTarball https://registry.npmjs.org/node/-/node-0.0.0.tgz not in flight; adding
54 verbose addRemoteTarball [ 'https://registry.npmjs.org/node/-/node-0.0.0.tgz',
54 verbose addRemoteTarball   '288d62f90530c763eff8d4831ee7343ab3d60793' ]
55 info retry fetch attempt 1 at 1:04:37 AM
56 info attempt registry request try #1 at 1:04:37 AM
57 http fetch GET https://registry.npmjs.org/node/-/node-0.0.0.tgz
58 http fetch 200 https://registry.npmjs.org/node/-/node-0.0.0.tgz
59 silly fetchAndShaCheck shasum 288d62f90530c763eff8d4831ee7343ab3d60793
60 verbose addTmpTarball /var/folders/2f/wn5wnp552x1970ys8kczszvh0000gn/T/npm-26226-6d1932e3/registry.npmjs.org/node/-/node-0.0.0.tgz not in flight; adding
61 verbose addTmpTarball already have metadata; skipping unpack for node@0.0.0
62 verbose correctMkdir /Users/nrandec/.npm correctMkdir not in flight; initializing
63 silly cache afterAdd node@0.0.0
64 verbose afterAdd /Users/nrandec/.npm/node/0.0.0/package/package.json not in flight; writing
65 verbose correctMkdir /Users/nrandec/.npm correctMkdir not in flight; initializing
66 verbose afterAdd /Users/nrandec/.npm/node/0.0.0/package/package.json written
67 http 404 https://registry.npmjs.org/server.js
68 verbose headers { server: 'CouchDB/1.5.0 (Erlang OTP/R16B03)',
68 verbose headers   etag: '"CVYJYZE2RZEHXWSS63UYRNG0U"',
68 verbose headers   'content-type': 'application/json',
68 verbose headers   'cache-control': 'max-age=0',
68 verbose headers   'content-length': '416',
68 verbose headers   'accept-ranges': 'bytes',
68 verbose headers   date: 'Wed, 03 Aug 2016 06:04:37 GMT',
68 verbose headers   via: '1.1 varnish',
68 verbose headers   age: '0',
68 verbose headers   connection: 'keep-alive',
68 verbose headers   'x-served-by': 'cache-ord1721-ORD',
68 verbose headers   'x-cache': 'MISS',
68 verbose headers   'x-cache-hits': '0',
68 verbose headers   'x-timer': 'S1470204277.220505,VS0,VE93',
68 verbose headers   vary: 'Accept-Encoding' }
69 silly get cb [ 404,
69 silly get   { server: 'CouchDB/1.5.0 (Erlang OTP/R16B03)',
69 silly get     etag: '"CVYJYZE2RZEHXWSS63UYRNG0U"',
69 silly get     'content-type': 'application/json',
69 silly get     'cache-control': 'max-age=0',
69 silly get     'content-length': '416',
69 silly get     'accept-ranges': 'bytes',
69 silly get     date: 'Wed, 03 Aug 2016 06:04:37 GMT',
69 silly get     via: '1.1 varnish',
69 silly get     age: '0',
69 silly get     connection: 'keep-alive',
69 silly get     'x-served-by': 'cache-ord1721-ORD',
69 silly get     'x-cache': 'MISS',
69 silly get     'x-cache-hits': '0',
69 silly get     'x-timer': 'S1470204277.220505,VS0,VE93',
69 silly get     vary: 'Accept-Encoding' } ]
70 verbose stack Error: Registry returned 404 for GET on https://registry.npmjs.org/server.js
70 verbose stack     at makeError (/usr/local/lib/node_modules/npm/node_modules/npm-registry-client/lib/request.js:264:12)
70 verbose stack     at CachingRegistryClient.<anonymous> (/usr/local/lib/node_modules/npm/node_modules/npm-registry-client/lib/request.js:242:14)
70 verbose stack     at Request._callback (/usr/local/lib/node_modules/npm/node_modules/npm-registry-client/lib/request.js:172:14)
70 verbose stack     at Request.self.callback (/usr/local/lib/node_modules/npm/node_modules/request/request.js:200:22)
70 verbose stack     at emitTwo (events.js:87:13)
70 verbose stack     at Request.emit (events.js:172:7)
70 verbose stack     at Request.<anonymous> (/usr/local/lib/node_modules/npm/node_modules/request/request.js:1067:10)
70 verbose stack     at emitOne (events.js:82:20)
70 verbose stack     at Request.emit (events.js:169:7)
70 verbose stack     at IncomingMessage.<anonymous> (/usr/local/lib/node_modules/npm/node_modules/request/request.js:988:12)
71 verbose statusCode 404
72 verbose pkgid server.js
73 verbose cwd /Users/nrandec/Development/react-tutorial-master/public
74 error Darwin 15.6.0
75 error argv "/usr/local/bin/node" "/usr/local/bin/npm" "install" "node" "server.js"
76 error node v4.4.7
77 error npm  v2.15.8
78 error code E404
79 error 404 Registry returned 404 for GET on https://registry.npmjs.org/server.js
79 error 404
79 error 404 'server.js' is not in the npm registry.
79 error 404 You should bug the author to publish it (or use the name yourself!)
79 error 404 It was specified as a dependency of 'react-tutorial'
79 error 404
79 error 404 Note that you can also install from a
79 error 404 tarball, folder, http url, or git url.
80 verbose exit [ 1, true ]
